<accountName>GATLABAYAN, PRICILLA COLENDRES</accountName>
 		<accountNumber>2031442211</accountNumber>
 		<accountType>01</accountType>
 		<altBeneName></altBeneName>
 		<altBeneRelToBene></altBeneRelToBene>
 		<altRecRelToBene></altRecRelToBene>
 		<applicationNumber>WS_2018030800004</applicationNumber>
 		<bankCode>CBC</bankCode>
 		<bankName>China Banking Corporation</bankName>
 		<beneAddr1>46 HAILEY ST, FILINVEST II, BATASAN HILLS</beneAddr1>
 		<beneAddr2></beneAddr2>
 		<beneAddr3></beneAddr3>
 		<beneAmtConv>1000.0</beneAmtConv>
 		<beneBdate>5/8/1985</beneBdate>
 		<beneCcyCd>PHP</beneCcyCd>
 		<beneCivilStatus></beneCivilStatus>
 		<beneCountry>PHILIPPINES</beneCountry>
 		<beneCustType>I</beneCustType>
 		<beneEmail>cayfrog@gmail.com</beneEmail>
 		<beneGender></beneGender>
 		<beneId></beneId>
 		<beneLandmark></beneLandmark>
 		<beneLastName>GATLABAYAN</beneLastName>
 		<beneMiddleName>COLENDRES</beneMiddleName>
 		<beneMobileNo>639173014554</beneMobileNo>
 		<beneNationality></beneNationality>
 		<beneNotificationType></beneNotificationType>
		<beneOfficePhoneNumber>0</beneOfficePhoneNumber>
 		<benePoBox></benePoBox>
 		<beneProfession>32-LABOURER</beneProfession>
 		<beneRelationToRemitter>TEST</beneRelationToRemitter>
 		<beneTin></beneTin>
 		<beneZipCode></beneZipCode>
 		<benefirstName>PRICILLA</benefirstName>
 		<branchCode></branchCode>
 		<branchName></branchName>
 		<cardNo></cardNo>
 		<counterCharge>0.0</counterCharge>
 		<dtRemittance>1</dtRemittance>
 		<individualCode></individualCode>
 		<isWaived></isWaived>
 		<messageToBene>TEST</messageToBene>
 		<modeOfCharge></modeOfCharge>
 		<otherCharges>0.0</otherCharges>
 		<outletBranchCd></outletBranchCd>
 		<outletCd></outletCd>
 		<paymentField1></paymentField1>
 		<paymentField2></paymentField2>
 		<paymentField3></paymentField3>
 		<paymentField4></paymentField4>
 		<paymentField5></paymentField5>
 		<purposeCode></purposeCode>
 		<receiverCorrBank></receiverCorrBank>
 		<receivingBank></receivingBank>
 		<remitterAddr1>JEDDAH</remitterAddr1>
 		<remitterAddr2>PH</remitterAddr2>
 		<remitterAddr3></remitterAddr3>
 		<remitterBdate></remitterBdate>
 		<remitterCivilStatus></remitterCivilStatus>
 		<remitterContinent></remitterContinent>
 		<remitterCountry>SAU</remitterCountry>
 		<remitterCustType>I</remitterCustType>
 		<remitterEmailAddr></remitterEmailAddr>
 		<remitterExpiryDate1></remitterExpiryDate1>
 		<remitterExpiryDate2></remitterExpiryDate2>
 		<remitterFirstName>TOBY</remitterFirstName>
 		<remitterGender></remitterGender>
 		<remitterId>TOLOSAM022811CN</remitterId>
 		<remitterIdIssueAt1></remitterIdIssueAt1>
 		<remitterIdIssueAt2></remitterIdIssueAt2>
 		<remitterIdNumber1></remitterIdNumber1>
		<remitterIdNumber2></remitterIdNumber2>
 		<remitterIdType1></remitterIdType1>
		<remitterIdType2></remitterIdType2>
		<remitterLastName>LEE</remitterLastName>
		<remitterMiddleName>I</remitterMiddleName>
 		<remitterMobileNumber>639173014554</remitterMobileNumber>
 		<remitterNationality>Phillipines</remitterNationality>
 		<remitterNotificationType></remitterNotificationType>
 		<remitterOfficePhoneNumber></remitterOfficePhoneNumber>
 		<remitterPoBox></remitterPoBox>
 		<remitterTin></remitterTin>
 		<remitterZipCode>1</remitterZipCode>
 		<rtBuyingApplied>1</rtBuyingApplied>
 		<senderCorrBank></senderCorrBank>
 		<sendingBank></sendingBank>
 		<serviceCode>01</serviceCode>
 		<xmitAmount>1000.0</xmitAmount>
 		<xmitCcyCd>PHP</xmitCcyCd>